<?xml version="1.0" encoding="utf-8"?><testsuites name="pytest tests"><testsuite name="pytest" errors="0" failures="0" skipped="13" tests="61" time="6.147" timestamp="2026-09-13T06:39:17.331961+00:00" hostname="localhost"><testcase classname="tests.test_archive" name="test_archive_content_match" time="0.020" /><testcase classname="tests.test_archive" name="test_reject_unexpected_names[../Info.json]" time="0.001" /><testcase classname="tests.test_archive" name="test_reject_unexpected_names[/Info.json]" time="0.001" /><testcase classname="tests.test_archive" name="test_reject_unexpected_names[node_modules/secret]" time="0.001" /><testcase classname="tests.test_archive" name="test_reject_unexpected_names[nested/Info.json]" time="0.001" /><testcase classname="tests.test_archive" name="test_reject_unexpected_names[a\\b]" time="0.001" /><testcase classname="tests.test_archive" name="test_reject_symlink" time="0.001" /><testcase classname="tests.test_archive" name="test_reject_duplicate" time="0.001" /><testcase classname="tests.test_archive" name="test_reject_altered_bytes" time="0.001" /><testcase classname="tests.test_real_copier" name="test_real_copy[False-command]" time="0.000"><skipped type="pytest.skip" message="Copier unavailable: real generation/merge/trust NOT tested">/mnt/data/iina-plugin-starter-alpha/tests/test_real_copier.py:16: Copier unavailable: real generation/merge/trust NOT tested</skipped></testcase><testcase classname="tests.test_real_copier" name="test_real_copy[False-sidebar]" time="0.000"><skipped type="pytest.skip" message="Copier unavailable: real generation/merge/trust NOT tested">/mnt/data/iina-plugin-starter-alpha/tests/test_real_copier.py:16: Copier unavailable: real generation/merge/trust NOT tested</skipped></testcase><testcase classname="tests.test_real_copier" name="test_real_copy[False-overlay]" time="0.000"><skipped type="pytest.skip" message="Copier unavailable: real generation/merge/trust NOT tested">/mnt/data/iina-plugin-starter-alpha/tests/test_real_copier.py:16: Copier unavailable: real generation/merge/trust NOT tested</skipped></testcase><testcase classname="tests.test_real_copier" name="test_real_copy[False-controller]" time="0.000"><skipped type="pytest.skip" message="Copier unavailable: real generation/merge/trust NOT tested">/mnt/data/iina-plugin-starter-alpha/tests/test_real_copier.py:16: Copier unavailable: real generation/merge/trust NOT tested</skipped></testcase><testcase classname="tests.test_real_copier" name="test_real_copy[True-command]" time="0.000"><skipped type="pytest.skip" message="Copier unavailable: real generation/merge/trust NOT tested">/mnt/data/iina-plugin-starter-alpha/tests/test_real_copier.py:16: Copier unavailable: real generation/merge/trust NOT tested</skipped></testcase><testcase classname="tests.test_real_copier" name="test_real_copy[True-sidebar]" time="0.000"><skipped type="pytest.skip" message="Copier unavailable: real generation/merge/trust NOT tested">/mnt/data/iina-plugin-starter-alpha/tests/test_real_copier.py:16: Copier unavailable: real generation/merge/trust NOT tested</skipped></testcase><testcase classname="tests.test_real_copier" name="test_real_copy[True-overlay]" time="0.000"><skipped type="pytest.skip" message="Copier unavailable: real generation/merge/trust NOT tested">/mnt/data/iina-plugin-starter-alpha/tests/test_real_copier.py:16: Copier unavailable: real generation/merge/trust NOT tested</skipped></testcase><testcase classname="tests.test_real_copier" name="test_real_copy[True-controller]" time="0.000"><skipped type="pytest.skip" message="Copier unavailable: real generation/merge/trust NOT tested">/mnt/data/iina-plugin-starter-alpha/tests/test_real_copier.py:16: Copier unavailable: real generation/merge/trust NOT tested</skipped></testcase><testcase classname="tests.test_real_copier" name="test_real_update_preserves_edits_and_deletions[command]" time="0.000"><skipped type="pytest.skip" message="Copier unavailable: real generation/merge/trust NOT tested">/mnt/data/iina-plugin-starter-alpha/tests/test_real_copier.py:26: Copier unavailable: real generation/merge/trust NOT tested</skipped></testcase><testcase classname="tests.test_real_copier" name="test_real_update_preserves_edits_and_deletions[sidebar]" time="0.000"><skipped type="pytest.skip" message="Copier unavailable: real generation/merge/trust NOT tested">/mnt/data/iina-plugin-starter-alpha/tests/test_real_copier.py:26: Copier unavailable: real generation/merge/trust NOT tested</skipped></testcase><testcase classname="tests.test_real_copier" name="test_real_update_preserves_edits_and_deletions[overlay]" time="0.000"><skipped type="pytest.skip" message="Copier unavailable: real generation/merge/trust NOT tested">/mnt/data/iina-plugin-starter-alpha/tests/test_real_copier.py:26: Copier unavailable: real generation/merge/trust NOT tested</skipped></testcase><testcase classname="tests.test_real_copier" name="test_real_update_preserves_edits_and_deletions[controller]" time="0.000"><skipped type="pytest.skip" message="Copier unavailable: real generation/merge/trust NOT tested">/mnt/data/iina-plugin-starter-alpha/tests/test_real_copier.py:26: Copier unavailable: real generation/merge/trust NOT tested</skipped></testcase><testcase classname="tests.test_real_copier" name="test_dirty_update_fails" time="0.000"><skipped type="pytest.skip" message="Copier unavailable: real generation/merge/trust NOT tested">/mnt/data/iina-plugin-starter-alpha/tests/test_real_copier.py:47: Copier unavailable: real generation/merge/trust NOT tested</skipped></testcase><testcase classname="tests.test_render" name="test_matrix[False-command]" time="0.046" /><testcase classname="tests.test_render" name="test_matrix[False-sidebar]" time="0.046" /><testcase classname="tests.test_render" name="test_matrix[False-overlay]" time="0.050" /><testcase classname="tests.test_render" name="test_matrix[False-controller]" time="0.051" /><testcase classname="tests.test_render" name="test_matrix[True-command]" time="0.046" /><testcase classname="tests.test_render" name="test_matrix[True-sidebar]" time="0.048" /><testcase classname="tests.test_render" name="test_matrix[True-overlay]" time="0.048" /><testcase classname="tests.test_render" name="test_matrix[True-controller]" time="0.050" /><testcase classname="tests.test_render" name="test_display_strings_are_data[Quote &quot; here]" time="0.051" /><testcase classname="tests.test_render" name="test_display_strings_are_data[\u65e5\u672c\u8a9e \U0001f3a5]" time="0.050" /><testcase classname="tests.test_render" name="test_display_strings_are_data[Back\\slash]" time="0.051" /><testcase classname="tests.test_render" name="test_display_strings_are_data[Multiline\nvalue]" time="0.052" /><testcase classname="tests.test_render" name="test_display_strings_are_data[&lt;/script&gt;&lt;script&gt;literal&lt;/script&gt;]" time="0.052" /><testcase classname="tests.test_render" name="test_invalid_slug_no_output[../bad]" time="0.006" /><testcase classname="tests.test_render" name="test_invalid_slug_no_output[/absolute]" time="0.006" /><testcase classname="tests.test_render" name="test_invalid_slug_no_output[bad space]" time="0.006" /><testcase classname="tests.test_render" name="test_invalid_slug_no_output[bad;command]" time="0.006" /><testcase classname="tests.test_render" name="test_invalid_slug_no_output[Bad]" time="0.009" /><testcase classname="tests.test_render" name="test_invalid_slug_no_output[a--b]" time="0.006" /><testcase classname="tests.test_render" name="test_invalid_slug_no_output[xxxxxxxxxxxxxxxxxxxxxxxxxxxxxxxxxxxxxxxxxxxxxxxxxxxxxxxxxxxxxxxxx]" time="0.006" /><testcase classname="tests.test_render" name="test_invalid_identifier[bad]" time="0.009" /><testcase classname="tests.test_render" name="test_invalid_identifier[../bad]" time="0.007" /><testcase classname="tests.test_render" name="test_invalid_identifier[org..test]" time="0.007" /><testcase classname="tests.test_render" name="test_invalid_identifier[org.test/escape]" time="0.007" /><testcase classname="tests.test_render" name="test_deterministic_source" time="0.091" /><testcase classname="tests.test_render" name="test_pure_configuration" time="0.002" /><testcase classname="tests.test_render" name="test_update_exclusions_are_destination_based" time="0.007" /><testcase classname="tests.test_render" name="test_every_path_component_and_template_parses" time="0.010" /><testcase classname="tests.test_runtime_negative" name="test_incompatible_runtime_rejected[command-main-document.title = &quot;wrong&quot;;]" time="0.421" /><testcase classname="tests.test_runtime_negative" name="test_incompatible_runtime_rejected[command-main-fetch(&quot;https://example.invalid&quot;);]" time="0.412" /><testcase classname="tests.test_runtime_negative" name="test_incompatible_runtime_rejected[command-main-process.exit(0);]" time="0.380" /><testcase classname="tests.test_runtime_negative" name="test_incompatible_runtime_rejected[command-main-Buffer.from(&quot;wrong&quot;);]" time="0.382" /><testcase classname="tests.test_runtime_negative" name="test_incompatible_runtime_rejected[command-main-iina.sidebar.show();]" time="0.376" /><testcase classname="tests.test_runtime_negative" name="test_incompatible_runtime_rejected[controller-global-iina.mpv.getString(&quot;media-title&quot;);]" time="0.375" /><testcase classname="tests.test_runtime_negative" name="test_incompatible_runtime_rejected[controller-global-iina.event.on(&quot;iina.file-loaded&quot;, () =&gt; {});]" time="0.396" /><testcase classname="tests.test_runtime_negative" name="test_incompatible_runtime_rejected[controller-global-iina.global.postMessage(&quot;name&quot;, {});]" time="0.390" /><testcase classname="tests.test_runtime_negative" name="test_incompatible_runtime_rejected[controller-main-iina.global.postMessage(null, &quot;name&quot;, {});]" time="0.401" /><testcase classname="tests.test_runtime_negative" name="test_incompatible_runtime_rejected[sidebar-ui-iina.mpv.getFlag(&quot;pause&quot;);]" time="0.835" /><testcase classname="tests.test_runtime_negative" name="test_incompatible_runtime_rejected[sidebar-ui-process.cwd();]" time="0.857" /></testsuite></testsuites>