<?xml version="1.0" encoding="utf-8"?><testsuites name="pytest tests"><testsuite name="pytest" errors="0" failures="0" skipped="37" tests="129" time="11.780" timestamp="2026-09-13T08:19:16.649584+00:00" hostname="localhost"><testcase classname="tests.test_archive" name="test_archive_content_match" time="0.021" /><testcase classname="tests.test_archive" name="test_reject_unexpected_names[../Info.json]" time="0.001" /><testcase classname="tests.test_archive" name="test_reject_unexpected_names[/Info.json]" time="0.001" /><testcase classname="tests.test_archive" name="test_reject_unexpected_names[node_modules/secret]" time="0.001" /><testcase classname="tests.test_archive" name="test_reject_unexpected_names[nested/Info.json]" time="0.001" /><testcase classname="tests.test_archive" name="test_reject_unexpected_names[a\\b]" time="0.002" /><testcase classname="tests.test_archive" name="test_reject_symlink" time="0.001" /><testcase classname="tests.test_archive" name="test_reject_duplicate" time="0.001" /><testcase classname="tests.test_archive" name="test_reject_altered_bytes" time="0.001" /><testcase classname="tests.test_expansion" name="test_expanded_matrix[False-markdown-False-command]" time="0.074" /><testcase classname="tests.test_expansion" name="test_expanded_matrix[False-markdown-False-sidebar]" time="0.073" /><testcase classname="tests.test_expansion" name="test_expanded_matrix[False-markdown-False-overlay]" time="0.075" /><testcase classname="tests.test_expansion" name="test_expanded_matrix[False-markdown-False-controller]" time="0.077" /><testcase classname="tests.test_expansion" name="test_expanded_matrix[False-markdown-True-command]" time="0.095" /><testcase classname="tests.test_expansion" name="test_expanded_matrix[False-markdown-True-sidebar]" time="0.079" /><testcase classname="tests.test_expansion" name="test_expanded_matrix[False-markdown-True-overlay]" time="0.083" /><testcase classname="tests.test_expansion" name="test_expanded_matrix[False-markdown-True-controller]" time="0.077" /><testcase classname="tests.test_expansion" name="test_expanded_matrix[False-starlight-False-command]" time="0.083" /><testcase classname="tests.test_expansion" name="test_expanded_matrix[False-starlight-False-sidebar]" time="0.086" /><testcase classname="tests.test_expansion" name="test_expanded_matrix[False-starlight-False-overlay]" time="0.084" /><testcase classname="tests.test_expansion" name="test_expanded_matrix[False-starlight-False-controller]" time="0.086" /><testcase classname="tests.test_expansion" name="test_expanded_matrix[False-starlight-True-command]" time="0.081" /><testcase classname="tests.test_expansion" name="test_expanded_matrix[False-starlight-True-sidebar]" time="0.084" /><testcase classname="tests.test_expansion" name="test_expanded_matrix[False-starlight-True-overlay]" time="0.086" /><testcase classname="tests.test_expansion" name="test_expanded_matrix[False-starlight-True-controller]" time="0.085" /><testcase classname="tests.test_expansion" name="test_expanded_matrix[True-markdown-False-command]" time="0.079" /><testcase classname="tests.test_expansion" name="test_expanded_matrix[True-markdown-False-sidebar]" time="0.084" /><testcase classname="tests.test_expansion" name="test_expanded_matrix[True-markdown-False-overlay]" time="0.077" /><testcase classname="tests.test_expansion" name="test_expanded_matrix[True-markdown-False-controller]" time="0.077" /><testcase classname="tests.test_expansion" name="test_expanded_matrix[True-markdown-True-command]" time="0.079" /><testcase classname="tests.test_expansion" name="test_expanded_matrix[True-markdown-True-sidebar]" time="0.081" /><testcase classname="tests.test_expansion" name="test_expanded_matrix[True-markdown-True-overlay]" time="0.080" /><testcase classname="tests.test_expansion" name="test_expanded_matrix[True-markdown-True-controller]" time="0.093" /><testcase classname="tests.test_expansion" name="test_expanded_matrix[True-starlight-False-command]" time="0.073" /><testcase classname="tests.test_expansion" name="test_expanded_matrix[True-starlight-False-sidebar]" time="0.075" /><testcase classname="tests.test_expansion" name="test_expanded_matrix[True-starlight-False-overlay]" time="0.076" /><testcase classname="tests.test_expansion" name="test_expanded_matrix[True-starlight-False-controller]" time="0.078" /><testcase classname="tests.test_expansion" name="test_expanded_matrix[True-starlight-True-command]" time="0.073" /><testcase classname="tests.test_expansion" name="test_expanded_matrix[True-starlight-True-sidebar]" time="0.076" /><testcase classname="tests.test_expansion" name="test_expanded_matrix[True-starlight-True-overlay]" time="0.082" /><testcase classname="tests.test_expansion" name="test_expanded_matrix[True-starlight-True-controller]" time="0.086" /><testcase classname="tests.test_expansion" name="test_invalid_docs_profile[wrong]" time="0.001" /><testcase classname="tests.test_expansion" name="test_invalid_docs_profile[../../outside]" time="0.001" /><testcase classname="tests.test_expansion" name="test_invalid_docs_profile[Starlight]" time="0.001" /><testcase classname="tests.test_expansion" name="test_junit_gate_fails_closed[empty]" time="0.001" /><testcase classname="tests.test_expansion" name="test_junit_gate_fails_closed[skipped]" time="0.001" /><testcase classname="tests.test_expansion" name="test_junit_gate_fails_closed[failure]" time="0.001" /><testcase classname="tests.test_expansion" name="test_junit_gate_accepts_executed_cases" time="0.001" /><testcase classname="tests.test_expansion" name="test_required_copier_does_not_silently_skip" time="0.575" /><testcase classname="tests.test_expansion" name="test_root_workflows_are_pinned" time="0.006" /><testcase classname="tests.test_expansion" name="test_provisioning_versions_are_consistent" time="0.067" /><testcase classname="tests.test_expansion" name="test_renovate_jinja_extraction_ignores_plugin_version" time="0.001" /><testcase classname="tests.test_expansion" name="test_media_fixture_is_deterministic_and_non_overwriting" time="1.673" /><testcase classname="tests.test_real_copier" name="test_real_copy[False-markdown-False-command]" time="0.000"><skipped type="pytest.skip" message="Copier unavailable: real generation/merge/trust NOT tested">/mnt/data/iina-plugin-starter/tests/test_real_copier.py:18: Copier unavailable: real generation/merge/trust NOT tested</skipped></testcase><testcase classname="tests.test_real_copier" name="test_real_copy[False-markdown-False-sidebar]" time="0.000"><skipped type="pytest.skip" message="Copier unavailable: real generation/merge/trust NOT tested">/mnt/data/iina-plugin-starter/tests/test_real_copier.py:18: Copier unavailable: real generation/merge/trust NOT tested</skipped></testcase><testcase classname="tests.test_real_copier" name="test_real_copy[False-markdown-False-overlay]" time="0.000"><skipped type="pytest.skip" message="Copier unavailable: real generation/merge/trust NOT tested">/mnt/data/iina-plugin-starter/tests/test_real_copier.py:18: Copier unavailable: real generation/merge/trust NOT tested</skipped></testcase><testcase classname="tests.test_real_copier" name="test_real_copy[False-markdown-False-controller]" time="0.000"><skipped type="pytest.skip" message="Copier unavailable: real generation/merge/trust NOT tested">/mnt/data/iina-plugin-starter/tests/test_real_copier.py:18: Copier unavailable: real generation/merge/trust NOT tested</skipped></testcase><testcase classname="tests.test_real_copier" name="test_real_copy[False-markdown-True-command]" time="0.000"><skipped type="pytest.skip" message="Copier unavailable: real generation/merge/trust NOT tested">/mnt/data/iina-plugin-starter/tests/test_real_copier.py:18: Copier unavailable: real generation/merge/trust NOT tested</skipped></testcase><testcase classname="tests.test_real_copier" name="test_real_copy[False-markdown-True-sidebar]" time="0.000"><skipped type="pytest.skip" message="Copier unavailable: real generation/merge/trust NOT tested">/mnt/data/iina-plugin-starter/tests/test_real_copier.py:18: Copier unavailable: real generation/merge/trust NOT tested</skipped></testcase><testcase classname="tests.test_real_copier" name="test_real_copy[False-markdown-True-overlay]" time="0.000"><skipped type="pytest.skip" message="Copier unavailable: real generation/merge/trust NOT tested">/mnt/data/iina-plugin-starter/tests/test_real_copier.py:18: Copier unavailable: real generation/merge/trust NOT tested</skipped></testcase><testcase classname="tests.test_real_copier" name="test_real_copy[False-markdown-True-controller]" time="0.000"><skipped type="pytest.skip" message="Copier unavailable: real generation/merge/trust NOT tested">/mnt/data/iina-plugin-starter/tests/test_real_copier.py:18: Copier unavailable: real generation/merge/trust NOT tested</skipped></testcase><testcase classname="tests.test_real_copier" name="test_real_copy[False-starlight-False-command]" time="0.000"><skipped type="pytest.skip" message="Copier unavailable: real generation/merge/trust NOT tested">/mnt/data/iina-plugin-starter/tests/test_real_copier.py:18: Copier unavailable: real generation/merge/trust NOT tested</skipped></testcase><testcase classname="tests.test_real_copier" name="test_real_copy[False-starlight-False-sidebar]" time="0.000"><skipped type="pytest.skip" message="Copier unavailable: real generation/merge/trust NOT tested">/mnt/data/iina-plugin-starter/tests/test_real_copier.py:18: Copier unavailable: real generation/merge/trust NOT tested</skipped></testcase><testcase classname="tests.test_real_copier" name="test_real_copy[False-starlight-False-overlay]" time="0.000"><skipped type="pytest.skip" message="Copier unavailable: real generation/merge/trust NOT tested">/mnt/data/iina-plugin-starter/tests/test_real_copier.py:18: Copier unavailable: real generation/merge/trust NOT tested</skipped></testcase><testcase classname="tests.test_real_copier" name="test_real_copy[False-starlight-False-controller]" time="0.000"><skipped type="pytest.skip" message="Copier unavailable: real generation/merge/trust NOT tested">/mnt/data/iina-plugin-starter/tests/test_real_copier.py:18: Copier unavailable: real generation/merge/trust NOT tested</skipped></testcase><testcase classname="tests.test_real_copier" name="test_real_copy[False-starlight-True-command]" time="0.000"><skipped type="pytest.skip" message="Copier unavailable: real generation/merge/trust NOT tested">/mnt/data/iina-plugin-starter/tests/test_real_copier.py:18: Copier unavailable: real generation/merge/trust NOT tested</skipped></testcase><testcase classname="tests.test_real_copier" name="test_real_copy[False-starlight-True-sidebar]" time="0.000"><skipped type="pytest.skip" message="Copier unavailable: real generation/merge/trust NOT tested">/mnt/data/iina-plugin-starter/tests/test_real_copier.py:18: Copier unavailable: real generation/merge/trust NOT tested</skipped></testcase><testcase classname="tests.test_real_copier" name="test_real_copy[False-starlight-True-overlay]" time="0.000"><skipped type="pytest.skip" message="Copier unavailable: real generation/merge/trust NOT tested">/mnt/data/iina-plugin-starter/tests/test_real_copier.py:18: Copier unavailable: real generation/merge/trust NOT tested</skipped></testcase><testcase classname="tests.test_real_copier" name="test_real_copy[False-starlight-True-controller]" time="0.000"><skipped type="pytest.skip" message="Copier unavailable: real generation/merge/trust NOT tested">/mnt/data/iina-plugin-starter/tests/test_real_copier.py:18: Copier unavailable: real generation/merge/trust NOT tested</skipped></testcase><testcase classname="tests.test_real_copier" name="test_real_copy[True-markdown-False-command]" time="0.000"><skipped type="pytest.skip" message="Copier unavailable: real generation/merge/trust NOT tested">/mnt/data/iina-plugin-starter/tests/test_real_copier.py:18: Copier unavailable: real generation/merge/trust NOT tested</skipped></testcase><testcase classname="tests.test_real_copier" name="test_real_copy[True-markdown-False-sidebar]" time="0.000"><skipped type="pytest.skip" message="Copier unavailable: real generation/merge/trust NOT tested">/mnt/data/iina-plugin-starter/tests/test_real_copier.py:18: Copier unavailable: real generation/merge/trust NOT tested</skipped></testcase><testcase classname="tests.test_real_copier" name="test_real_copy[True-markdown-False-overlay]" time="0.000"><skipped type="pytest.skip" message="Copier unavailable: real generation/merge/trust NOT tested">/mnt/data/iina-plugin-starter/tests/test_real_copier.py:18: Copier unavailable: real generation/merge/trust NOT tested</skipped></testcase><testcase classname="tests.test_real_copier" name="test_real_copy[True-markdown-False-controller]" time="0.000"><skipped type="pytest.skip" message="Copier unavailable: real generation/merge/trust NOT tested">/mnt/data/iina-plugin-starter/tests/test_real_copier.py:18: Copier unavailable: real generation/merge/trust NOT tested</skipped></testcase><testcase classname="tests.test_real_copier" name="test_real_copy[True-markdown-True-command]" time="0.000"><skipped type="pytest.skip" message="Copier unavailable: real generation/merge/trust NOT tested">/mnt/data/iina-plugin-starter/tests/test_real_copier.py:18: Copier unavailable: real generation/merge/trust NOT tested</skipped></testcase><testcase classname="tests.test_real_copier" name="test_real_copy[True-markdown-True-sidebar]" time="0.000"><skipped type="pytest.skip" message="Copier unavailable: real generation/merge/trust NOT tested">/mnt/data/iina-plugin-starter/tests/test_real_copier.py:18: Copier unavailable: real generation/merge/trust NOT tested</skipped></testcase><testcase classname="tests.test_real_copier" name="test_real_copy[True-markdown-True-overlay]" time="0.000"><skipped type="pytest.skip" message="Copier unavailable: real generation/merge/trust NOT tested">/mnt/data/iina-plugin-starter/tests/test_real_copier.py:18: Copier unavailable: real generation/merge/trust NOT tested</skipped></testcase><testcase classname="tests.test_real_copier" name="test_real_copy[True-markdown-True-controller]" time="0.000"><skipped type="pytest.skip" message="Copier unavailable: real generation/merge/trust NOT tested">/mnt/data/iina-plugin-starter/tests/test_real_copier.py:18: Copier unavailable: real generation/merge/trust NOT tested</skipped></testcase><testcase classname="tests.test_real_copier" name="test_real_copy[True-starlight-False-command]" time="0.000"><skipped type="pytest.skip" message="Copier unavailable: real generation/merge/trust NOT tested">/mnt/data/iina-plugin-starter/tests/test_real_copier.py:18: Copier unavailable: real generation/merge/trust NOT tested</skipped></testcase><testcase classname="tests.test_real_copier" name="test_real_copy[True-starlight-False-sidebar]" time="0.000"><skipped type="pytest.skip" message="Copier unavailable: real generation/merge/trust NOT tested">/mnt/data/iina-plugin-starter/tests/test_real_copier.py:18: Copier unavailable: real generation/merge/trust NOT tested</skipped></testcase><testcase classname="tests.test_real_copier" name="test_real_copy[True-starlight-False-overlay]" time="0.000"><skipped type="pytest.skip" message="Copier unavailable: real generation/merge/trust NOT tested">/mnt/data/iina-plugin-starter/tests/test_real_copier.py:18: Copier unavailable: real generation/merge/trust NOT tested</skipped></testcase><testcase classname="tests.test_real_copier" name="test_real_copy[True-starlight-False-controller]" time="0.000"><skipped type="pytest.skip" message="Copier unavailable: real generation/merge/trust NOT tested">/mnt/data/iina-plugin-starter/tests/test_real_copier.py:18: Copier unavailable: real generation/merge/trust NOT tested</skipped></testcase><testcase classname="tests.test_real_copier" name="test_real_copy[True-starlight-True-command]" time="0.000"><skipped type="pytest.skip" message="Copier unavailable: real generation/merge/trust NOT tested">/mnt/data/iina-plugin-starter/tests/test_real_copier.py:18: Copier unavailable: real generation/merge/trust NOT tested</skipped></testcase><testcase classname="tests.test_real_copier" name="test_real_copy[True-starlight-True-sidebar]" time="0.000"><skipped type="pytest.skip" message="Copier unavailable: real generation/merge/trust NOT tested">/mnt/data/iina-plugin-starter/tests/test_real_copier.py:18: Copier unavailable: real generation/merge/trust NOT tested</skipped></testcase><testcase classname="tests.test_real_copier" name="test_real_copy[True-starlight-True-overlay]" time="0.000"><skipped type="pytest.skip" message="Copier unavailable: real generation/merge/trust NOT tested">/mnt/data/iina-plugin-starter/tests/test_real_copier.py:18: Copier unavailable: real generation/merge/trust NOT tested</skipped></testcase><testcase classname="tests.test_real_copier" name="test_real_copy[True-starlight-True-controller]" time="0.000"><skipped type="pytest.skip" message="Copier unavailable: real generation/merge/trust NOT tested">/mnt/data/iina-plugin-starter/tests/test_real_copier.py:18: Copier unavailable: real generation/merge/trust NOT tested</skipped></testcase><testcase classname="tests.test_real_copier" name="test_real_update_preserves_edits_and_deletions[command]" time="0.000"><skipped type="pytest.skip" message="Copier unavailable: real generation/merge/trust NOT tested">/mnt/data/iina-plugin-starter/tests/test_real_copier.py:30: Copier unavailable: real generation/merge/trust NOT tested</skipped></testcase><testcase classname="tests.test_real_copier" name="test_real_update_preserves_edits_and_deletions[sidebar]" time="0.000"><skipped type="pytest.skip" message="Copier unavailable: real generation/merge/trust NOT tested">/mnt/data/iina-plugin-starter/tests/test_real_copier.py:30: Copier unavailable: real generation/merge/trust NOT tested</skipped></testcase><testcase classname="tests.test_real_copier" name="test_real_update_preserves_edits_and_deletions[overlay]" time="0.000"><skipped type="pytest.skip" message="Copier unavailable: real generation/merge/trust NOT tested">/mnt/data/iina-plugin-starter/tests/test_real_copier.py:30: Copier unavailable: real generation/merge/trust NOT tested</skipped></testcase><testcase classname="tests.test_real_copier" name="test_real_update_preserves_edits_and_deletions[controller]" time="0.000"><skipped type="pytest.skip" message="Copier unavailable: real generation/merge/trust NOT tested">/mnt/data/iina-plugin-starter/tests/test_real_copier.py:30: Copier unavailable: real generation/merge/trust NOT tested</skipped></testcase><testcase classname="tests.test_real_copier" name="test_dirty_update_fails" time="0.000"><skipped type="pytest.skip" message="Copier unavailable: real generation/merge/trust NOT tested">/mnt/data/iina-plugin-starter/tests/test_real_copier.py:51: Copier unavailable: real generation/merge/trust NOT tested</skipped></testcase><testcase classname="tests.test_render" name="test_matrix[False-command]" time="0.068" /><testcase classname="tests.test_render" name="test_matrix[False-sidebar]" time="0.068" /><testcase classname="tests.test_render" name="test_matrix[False-overlay]" time="0.068" /><testcase classname="tests.test_render" name="test_matrix[False-controller]" time="0.071" /><testcase classname="tests.test_render" name="test_matrix[True-command]" time="0.066" /><testcase classname="tests.test_render" name="test_matrix[True-sidebar]" time="0.070" /><testcase classname="tests.test_render" name="test_matrix[True-overlay]" time="0.071" /><testcase classname="tests.test_render" name="test_matrix[True-controller]" time="0.071" /><testcase classname="tests.test_render" name="test_display_strings_are_data[Quote &quot; here]" time="0.074" /><testcase classname="tests.test_render" name="test_display_strings_are_data[\u65e5\u672c\u8a9e \U0001f3a5]" time="0.072" /><testcase classname="tests.test_render" name="test_display_strings_are_data[Back\\slash]" time="0.070" /><testcase classname="tests.test_render" name="test_display_strings_are_data[Multiline\nvalue]" time="0.073" /><testcase classname="tests.test_render" name="test_display_strings_are_data[&lt;/script&gt;&lt;script&gt;literal&lt;/script&gt;]" time="0.073" /><testcase classname="tests.test_render" name="test_invalid_slug_no_output[../bad]" time="0.007" /><testcase classname="tests.test_render" name="test_invalid_slug_no_output[/absolute]" time="0.008" /><testcase classname="tests.test_render" name="test_invalid_slug_no_output[bad space]" time="0.007" /><testcase classname="tests.test_render" name="test_invalid_slug_no_output[bad;command]" time="0.008" /><testcase classname="tests.test_render" name="test_invalid_slug_no_output[Bad]" time="0.018" /><testcase classname="tests.test_render" name="test_invalid_slug_no_output[a--b]" time="0.034" /><testcase classname="tests.test_render" name="test_invalid_slug_no_output[xxxxxxxxxxxxxxxxxxxxxxxxxxxxxxxxxxxxxxxxxxxxxxxxxxxxxxxxxxxxxxxxx]" time="0.007" /><testcase classname="tests.test_render" name="test_invalid_identifier[bad]" time="0.008" /><testcase classname="tests.test_render" name="test_invalid_identifier[../bad]" time="0.008" /><testcase classname="tests.test_render" name="test_invalid_identifier[org..test]" time="0.007" /><testcase classname="tests.test_render" name="test_invalid_identifier[org.test/escape]" time="0.007" /><testcase classname="tests.test_render" name="test_deterministic_source" time="0.139" /><testcase classname="tests.test_render" name="test_pure_configuration" time="0.003" /><testcase classname="tests.test_render" name="test_update_exclusions_are_destination_based" time="0.009" /><testcase classname="tests.test_render" name="test_every_path_component_and_template_parses" time="0.014" /><testcase classname="tests.test_runtime_negative" name="test_incompatible_runtime_rejected[command-main-document.title = &quot;wrong&quot;;]" time="0.388" /><testcase classname="tests.test_runtime_negative" name="test_incompatible_runtime_rejected[command-main-fetch(&quot;https://example.invalid&quot;);]" time="0.415" /><testcase classname="tests.test_runtime_negative" name="test_incompatible_runtime_rejected[command-main-process.exit(0);]" time="0.376" /><testcase classname="tests.test_runtime_negative" name="test_incompatible_runtime_rejected[command-main-Buffer.from(&quot;wrong&quot;);]" time="0.406" /><testcase classname="tests.test_runtime_negative" name="test_incompatible_runtime_rejected[command-main-iina.sidebar.show();]" time="0.419" /><testcase classname="tests.test_runtime_negative" name="test_incompatible_runtime_rejected[controller-global-iina.mpv.getString(&quot;media-title&quot;);]" time="0.412" /><testcase classname="tests.test_runtime_negative" name="test_incompatible_runtime_rejected[controller-global-iina.event.on(&quot;iina.file-loaded&quot;, () =&gt; {});]" time="0.424" /><testcase classname="tests.test_runtime_negative" name="test_incompatible_runtime_rejected[controller-global-iina.global.postMessage(&quot;name&quot;, {});]" time="0.430" /><testcase classname="tests.test_runtime_negative" name="test_incompatible_runtime_rejected[controller-main-iina.global.postMessage(null, &quot;name&quot;, {});]" time="0.428" /><testcase classname="tests.test_runtime_negative" name="test_incompatible_runtime_rejected[sidebar-ui-iina.mpv.getFlag(&quot;pause&quot;);]" time="0.901" /><testcase classname="tests.test_runtime_negative" name="test_incompatible_runtime_rejected[sidebar-ui-process.cwd();]" time="0.927" /></testsuite></testsuites>